make all --print-data-base --no-builtin-variables --no-builtin-rules --question
# GNU Make 4.3
# Built for x86_64-pc-linux-gnu
# Copyright (C) 1988-2020 Free Software Foundation, Inc.
# License GPLv3+: GNU GPL version 3 or later <http://gnu.org/licenses/gpl.html>
# This is free software: you are free to change and redistribute it.
# There is NO WARRANTY, to the extent permitted by law.

# Make data base, printed on Sat Jul 30 00:33:41 2022

# Variables

# environment
GDK_BACKEND = x11
# environment
LC_ALL = C
# makefile (from 'Makefile', line 18)
compileFlags := -std=c++17 -I include
# environment
GNOME_SHELL_SESSION_MODE = ubuntu
# environment
SSH_AGENT_LAUNCHER = gnome-keyring
# environment
SNAP_INSTANCE_KEY = 
# makefile (from 'Makefile', line 35)
UNAMEOS := Linux
# environment
GJS_DEBUG_OUTPUT = stderr
# environment
LC_NAME = fi_FI.UTF-8
# environment
LC_NUMERIC = fi_FI.UTF-8
# environment
VSCODE_CWD = /home/tuomas
# environment
WINDOWPATH = 2
# environment
LC_ADDRESS = fi_FI.UTF-8
# makefile (from 'Makefile', line 51)
THEN := ;
# default
MAKE_COMMAND := make
# environment
QT_ACCESSIBILITY = 1
# automatic
@D = $(patsubst %/,%,$(dir $@))
# environment
SNAP_INSTANCE_NAME = code
# environment
GDK_PIXBUF_MODULEDIR = /snap/code/102/usr/lib/x86_64-linux-gnu/gdk-pixbuf-2.0/2.10.0/loaders
# environment
VSCODE_HANDLES_UNCAUGHT_ERRORS = true
# default
.VARIABLES := 
# environment
PWD = /home/tuomas/Desktop/Projects/arkanoid
# automatic
%D = $(patsubst %/,%,$(dir $%))
# environment
XDG_DATA_DIRS = /usr/share/ubuntu:/usr/share/gnome:/usr/local/share/:/usr/share/:/var/lib/snapd/desktop
# automatic
^D = $(patsubst %/,%,$(dir $^))
# automatic
%F = $(notdir $%)
# environment
 
VSCODE_CODE_CACHE_PATH = /home/tuomas/.config/Code/CachedData/3b889b090b5ad5793f524b5d1d39fda662b96a2a
# environment
LANG = C
# environment
XAUTHORITY = /run/user/1000/gdm/Xauthority
# default
.LOADED := 
# default
.INCLUDE_DIRS = /usr/local/include /usr/include /usr/include
# makefile
MAKEFLAGS = pqrR
# makefile (from 'Makefile', line 17)
depends :=  bin/ball.d  bin/entity.d  bin/main.d  bin/paddle.d
# makefile
CURDIR := /home/tuomas/Desktop/Projects/arkanoid
# environment
APPLICATION_INSIGHTS_NO_DIAGNOSTIC_CHANNEL = true
# environment
LESSOPEN = | /usr/bin/lesspipe %s
# makefile (from 'Makefile', line 52)
PATHSEP := /
# automatic
*D = $(patsubst %/,%,$(dir $*))
# environment
MFLAGS = -pqrR
# environment
SSH_AUTH_SOCK = /run/user/1000/keyring/ssh
# default
.SHELLFLAGS := -c
# environment
XDG_CONFIG_DIRS = /etc/xdg/xdg-ubuntu:/etc/xdg
# automatic
+D = $(patsubst %/,%,$(dir $+))
# environment
XDG_SESSION_DESKTOP = ubuntu
# makefile (from 'Makefile', line 1)
MAKEFILE_LIST := Makefile
# environment
SNAP_REEXEC = 
# automatic
@F = $(notdir $@)
# environment
VSCODE_PID = 7644
# makefile (from 'Makefile', line 15)
sources := src/ball.cpp src/entity.cpp src/main.cpp src/paddle.cpp              
# environment
XDG_SESSION_TYPE = x11
# makefile (from 'Makefile', line 9)
platformpth = $(subst /,$(PATHSEP),$1)
# automatic
?D = $(patsubst %/,%,$(dir $?))
# environment
BAMF_DESKTOP_FILE_HINT = /var/lib/snapd/desktop/applications/code_code.desktop
# environment
SESSION_MANAGER = local/TUOMAS-PC:@/tmp/.ICE-unix/2158,unix/TUOMAS-PC:/tmp/.ICE-unix/2158
# automatic
*F = $(notdir $*)
# environment
CHROME_DESKTOP = code-url-handler.desktop
# environment
DBUS_SESSION_BUS_ADDRESS = unix:path=/run/user/1000/bus
# automatic
<D = $(patsubst %/,%,$(dir $<))
# environment
VSCODE_NLS_CONFIG = {"locale":"en-us","availableLanguages":{},"_languagePackSupport":true}
# default
MAKE_HOST := x86_64-pc-linux-gnu
# environment
GNOME_DESKTOP_SESSION_ID = this-is-deprecated
# makefile
SHELL = /bin/sh
# default
MAKECMDGOALS := all
# environment
XMODIFIERS = @im=ibus
# makefile (from 'Makefile', line 16)
objects :=  bin/ball.o  bin/entity.o  bin/main.o  bin/paddle.o
# environment
GJS_DEBUG_TOPICS = JS ERROR;JS LOG
# environment
SHLVL = 0
# environment
MAKELEVEL := 0
# makefile (from 'Makefile', line 53)
MKDIR := mkdir -p
# default
MAKE = $(MAKE_COMMAND)
# environment
SNAP_COOKIE = 84W_0YzStv3rEs0SAiNseyYdl14fZ4RmCCWIq7i019VfDWyChJnZ
# environment
PATH = /usr/local/sbin:/usr/local/bin:/usr/sbin:/usr/bin:/sbin:/bin:/usr/games:/usr/local/games:/snap/bin:/snap/bin
# default
MAKEFILES := 
# environment
LC_MONETARY = fi_FI.UTF-8
# automatic
^F = $(notdir $^)
# environment
SNAP_USER_COMMON = /home/tuomas/snap/code/common
# environment
LC_TIME = fi_FI.UTF-8
# environment
SNAP = /snap/code/102
# environment
INVOCATION_ID = 20585a71566a43069f37a5912fb86d8b
# environment
SNAP_REVISION = 102
# environment
SNAP_REAL_HOME = /home/tuomas
# environment
USERNAME = tuomas
# makefile (from 'Makefile', line 40)
linkFlags = -L lib/$(platform) -l raylib -l GL -l m -l pthread -l dl -l rt -l X11
# environment
LC_TELEPHONE = fi_FI.UTF-8
# environment
LESSCLOSE = /usr/bin/lesspipe %s %s
# automatic
?F = $(notdir $?)
# environment
XDG_CURRENT_DESKTOP = Unity
# environment
LS_COLORS = 
# automatic
+F = $(notdir $+)
# environment
DESKTOP_SESSION = ubuntu
# environment
ORIGINAL_XDG_CURRENT_DESKTOP = ubuntu:GNOME
# 'override' directive
GNUMAKEFLAGS := 
# environment
LOGNAME = tuomas
# environment
GIO_LAUNCHED_DESKTOP_FILE = /var/lib/snapd/desktop/applications/code_code.desktop
# environment
SNAP_ARCH = amd64
# makefile
.DEFAULT_GOAL := all
# environment
SYSTEMD_EXEC_PID = 2225
# makefile (from 'Makefile', line 54)
RM := rm -rf
# makefile (from 'Makefile', line 38)
platform := Linux
# environment
DISPLAY = :1
# environment
USER = tuomas
# environment
GTK_MODULES = gail:atk-bridge
# default
MAKE_VERSION := 4.3
# 'override' directive
.SHELLSTATUS := 0
# environment
DISABLE_WAYLAND = 1
# makefile (from 'Makefile', line 55)
COPY = cp $1$(PATHSEP)$3 $2
# environment
SNAP_DATA = /var/snap/code/102
# environment
SNAP_CONTEXT = 84W_0YzStv3rEs0SAiNseyYdl14fZ4RmCCWIq7i019VfDWyChJnZ
# environment
MANAGERPID = 1774
# environment
LC_MEASUREMENT = fi_FI.UTF-8
# environment
GIO_LAUNCHED_DESKTOP_FILE_PID = 7597
# environment
_ = /snap/code/102/usr/share/code/code
# environment
LC_PAPER = fi_FI.UTF-8
# environment
XDG_RUNTIME_DIR = /run/user/1000
# environment
GPG_AGENT_INFO = /run/user/1000/gnupg/S.gpg-agent:0:1
# environment
GDK_PIXBUF_MODULE_FILE = /home/tuomas/snap/code/common/.cache/gdk-pixbuf-loaders.cache
# environment
JOURNAL_STREAM = 8:34322
# makefile (from 'Makefile', line 12)
buildDir := bin
# environment
XDG_SESSION_CLASS = user
# environment
VSCODE_AMD_ENTRYPOINT = vs/workbench/api/node/extensionHostProcess
# environment
HOME = /home/tuomas
# environment
QT_IM_MODULE = ibus
# environment
ELECTRON_RUN_AS_NODE = 1
# environment
VSCODE_IPC_HOOK = /run/user/1000/vscode-55fd68db-1.69.2-main.sock
# environment
SNAP_NAME = code
# environment
GSETTINGS_SCHEMA_DIR = /snap/code/102/usr/share/glib-2.0/schemas
# default
.RECIPEPREFIX := 
# automatic
<F = $(notdir $<)
# environment
SNAP_VERSION = 3b889b09
# default
SUFFIXES := 
# environment
VSCODE_CLI = 1
# environment
ELECTRON_NO_ATTACH_CONSOLE = 1
# makefile (from 'Makefile', line 13)
executable := app
# environment
SNAP_COMMON = /var/snap/code/common
# default
.FEATURES := target-specific order-only second-expansion else-if shortest-stem undefine oneshell nocomment grouped-target extra-prereqs archives jobserver output-sync check-symlink load
# makefile (from 'Makefile', line 14)
target := bin/app
# makefile (from 'Makefile', line 39)
CXX = g++
# environment
SNAP_USER_DATA = /home/tuomas/snap/code/102
# environment
XDG_MENU_PREFIX = gnome-
# environment
GDMSESSION = ubuntu
# environment
LC_IDENTIFICATION = fi_FI.UTF-8
# makefile (from 'Makefile', line 8)
rwildcard = $(wildcard $1$2) $(foreach d,$(wildcard $1*),$(call rwildcard,$d/,$2))
# environment
SNAP_LIBRARY_PATH = /var/lib/snapd/lib/gl:/var/lib/snapd/lib/gl32:/var/lib/snapd/void
# variable set hash-table stats:
# Load=143/1024=14%, Rehash=0, Collisions=12/219=5%

# Pattern-specific Variable Values

# No pattern-specific variable values.

# Directories

# src/paddle.cpp (device 66306, inode 3147817): could not be opened.
# src/ball.cpp (device 66306, inode 3147734): could not be opened.
# src/paddle.hpp (device 66306, inode 3147818): could not be opened.
# src/main.cpp (device 66306, inode 3147816): could not be opened.
# src (device 66306, inode 3147813): 9 files, no impossibilities.
# src/entity.hpp (device 66306, inode 3147815): could not be opened.
# src/ball.hpp (device 66306, inode 3147703): could not be opened.
# . (device 66306, inode 3146224): 15 files, no impossibilities.
# src/entity.cpp (device 66306, inode 3147814): could not be opened.

# 24 files, no impossibilities in 9 directories.

# Implicit Rules

bin/%.o: src/%.cpp Makefile
#  recipe to execute (from 'Makefile', line 93):
	$(MKDIR) $(call platformpth, $(@D))
	$(CXX) -MMD -MP -c $(compileFlags) $< -o $@ $(CXXFLAGS)

# 1 implicit rules, 0 (0.0%) terminal.
# Files

execute:
#  Phony target (prerequisite of .PHONY).
#  Implicit rule search has not been done.
#  File does not exist.
#  File has not been updated.
#  recipe to execute (from 'Makefile', line 98):
	$(target) $(ARGS)

# Not a target:
bin/main.d:
#  Implicit rule search has been done.
#  File does not exist.
#  File has been updated.
#  Failed to be updated.

# Not a target:
bin/entity.o:
#  Implicit rule search has not been done.
#  Modification time never checked.
#  File has not been updated.

# Not a target:
bin/main.o:
#  Implicit rule search has not been done.
#  Modification time never checked.
#  File has not been updated.

submodules:
#  Phony target (prerequisite of .PHONY).
#  Implicit rule search has not been done.
#  File does not exist.
#  File has not been updated.
#  recipe to execute (from 'Makefile', line 69):
	git submodule update --init --recursive

setup: include lib
#  Phony target (prerequisite of .PHONY).
#  Implicit rule search has not been done.
#  File does not exist.
#  File has not been updated.

# Not a target:
bin/paddle.d:
#  Implicit rule search has been done.
#  File does not exist.
#  File has been updated.
#  Failed to be updated.

# Not a target:
Makefile:
#  Implicit rule search has been done.
#  Last modified 2022-07-26 23:22:44.67482473
#  File has been updated.
#  Successfully updated.

lib: submodules
#  Implicit rule search has not been done.
#  Modification time never checked.
#  File has not been updated.
#  recipe to execute (from 'Makefile', line 80):
	cd vendor/raylib/src $(THEN) "$(MAKE)" PLATFORM=PLATFORM_DESKTOP
	$(MKDIR) $(call platformpth, lib/$(platform))
	$(call COPY,vendor/raylib/$(libGenDir),lib/$(platform),libraylib.a)

bin/app: bin/ball.o bin/entity.o bin/main.o bin/paddle.o
#  Implicit rule search has not been done.
#  File does not exist.
#  File has been updated.
#  Needs to be updated (-q is set).
# variable set hash-table stats:
# Load=0/32=0%, Rehash=0, Collisions=0/11=0%
#  recipe to execute (from 'Makefile', line 86):
	$(CXX) $(objects) -o $(target) $(linkFlags)

bin/ball.o: src/ball.cpp Makefile
#  Implicit rule search has been done.
#  Implicit/static pattern stem: 'ball'
#  File does not exist.
#  File has been updated.
#  Needs to be updated (-q is set).
# automatic
# @ := bin/ball.o
# automatic
# * := ball
# automatic
# < := src/ball.cpp
# automatic
# + := src/ball.cpp Makefile
# automatic
# % := 
# automatic
# ^ := src/ball.cpp Makefile
# automatic
# ? := src/ball.cpp Makefile
# automatic
# | := 
# variable set hash-table stats:
# Load=8/32=25%, Rehash=0, Collisions=8/22=36%
#  recipe to execute (from 'Makefile', line 93):
	$(MKDIR) $(call platformpth, $(@D))
	$(CXX) -MMD -MP -c $(compileFlags) $< -o $@ $(CXXFLAGS)

include: submodules
 
#  Implicit rule search has not been done.
#  Modification time never checked.
#  File has not been updated.
#  recipe to execute (from 'Makefile', line 73):
	$(MKDIR) $(call platformpth, ./include)
	$(call COPY,vendor/raylib/src,./include,raylib.h)
	$(call COPY,vendor/raylib/src,./include,raymath.h)
	$(call COPY,vendor/raylib-cpp/include,./include,*.hpp)

clean:
#  Phony target (prerequisite of .PHONY).
#  Implicit rule search has not been done.
#  File does not exist.
#  File has not been updated.
#  recipe to execute (from 'Makefile', line 102):
	$(RM) $(call platformpth, $(buildDir)/*)

# Not a target:
bin/paddle.o:
#  Implicit rule search has not been done.
#  Modification time never checked.
#  File has not been updated.

# Not a target:
src/ball.cpp:
#  Implicit rule search has been done.
#  Last modified 2022-07-29 18:57:51.279987148
#  File has been updated.
#  Successfully updated.

# Not a target:
.DEFAULT:
#  Implicit rule search has not been done.
#  Modification time never checked.
#  File has not been updated.

all: bin/app execute clean
#  Phony target (prerequisite of .PHONY).
#  Command line target.
#  Implicit rule search has not been done.
#  File does not exist.
#  File has been updated.
#  Needs to be updated (-q is set).
# variable set hash-table stats:
# Load=0/32=0%, Rehash=0, Collisions=0/11=0%

# Not a target:
bin/entity.d:
#  Implicit rule search has been done.
#  File does not exist.
#  File has been updated.
#  Failed to be updated.

# Not a target:
bin/ball.d:
#  Implicit rule search has been done.
#  File does not exist.
#  File has been updated.
#  Failed to be updated.

.PHONY: all setup submodules execute clean
#  Implicit rule search has not been done.
#  Modification time never checked.
#  File has not been updated.

# files hash-table stats:
# Load=21/1024=2%, Rehash=0, Collisions=0/64=0%
# VPATH Search Paths

# No 'vpath' search paths.

# No general ('VPATH' variable) search path.

# strcache buffers: 1 (0) / strings = 51 / storage = 487 B / avg = 9 B
# current buf: size = 8162 B / used = 487 B / count = 51 / avg = 9 B

# strcache performance: lookups = 91 / hit rate = 43%
# hash-table stats:
# Load=51/8192=1%, Rehash=0, Collisions=0/91=0%
# Finished Make data base on Sat Jul 30 00:33:41 2022

 
